/home/nils/k8s/main_Project/backup/setup.py: 1: import: not found
/home/nils/k8s/main_Project/backup/setup.py: 2: import: not found
/home/nils/k8s/main_Project/backup/setup.py: 4: target_path: not found
/home/nils/k8s/main_Project/backup/setup.py: 5: destination_path: not found
/home/nils/k8s/main_Project/backup/setup.py: 8: Syntax error: "(" unexpected
/home/nils/k8s/main_Project/backup/setup.py: 1: import: not found
/home/nils/k8s/main_Project/backup/setup.py: 2: import: not found
/home/nils/k8s/main_Project/backup/setup.py: 4: target_path: not found
/home/nils/k8s/main_Project/backup/setup.py: 5: destination_path: not found
/home/nils/k8s/main_Project/backup/setup.py: 8: Syntax error: "(" unexpected
Requirement already satisfied: schedule==1.1.0 in /home/nils/.local/lib/python3.8/site-packages (from -r requirements.txt (line 1)) (1.1.0)
Requirement already satisfied: schedule==1.1.0 in /home/nils/.local/lib/python3.8/site-packages (from -r requirements.txt (line 1)) (1.1.0)
mkdir: cannot create directory ‘/home/nils/backup-k8s/’: File exists
Unable to use a TTY - input is not a terminal or the right kind of file
E1222 23:08:02.269356  971924 v2.go:105] read /dev/stdin: bad file descriptor
running script in container
2021-12-22T22:08:02.409+0000	writing admin.system.users to dump/admin/system.users.bson
2021-12-22T22:08:02.410+0000	done dumping admin.system.users (1 document)
2021-12-22T22:08:02.411+0000	writing admin.system.version to dump/admin/system.version.bson
2021-12-22T22:08:02.411+0000	done dumping admin.system.version (2 documents)
2021-12-22T22:08:02.412+0000	writing config.tenantMigrationRecipients to dump/config/tenantMigrationRecipients.bson
2021-12-22T22:08:02.412+0000	writing config.external_validation_keys to dump/config/external_validation_keys.bson
2021-12-22T22:08:02.413+0000	writing test.im part of the test!!! to dump/test/im+part+of+the+test%21%21%21.bson
2021-12-22T22:08:02.413+0000	done dumping config.tenantMigrationRecipients (0 documents)
2021-12-22T22:08:02.413+0000	done dumping config.external_validation_keys (0 documents)
2021-12-22T22:08:02.413+0000	writing config.tenantMigrationDonors to dump/config/tenantMigrationDonors.bson
2021-12-22T22:08:02.413+0000	done dumping test.im part of the test!!! (1 document)
2021-12-22T22:08:02.414+0000	done dumping config.tenantMigrationDonors (0 documents)
dumpfile created
exiting container
tar: Removing leading `/' from member names
mkdir: cannot create directory ‘/home/nils/backup-k8s/’: File exists
Unable to use a TTY - input is not a terminal or the right kind of file
E1222 23:09:01.759668  972711 v2.go:105] read /dev/stdin: bad file descriptor
running script in container
2021-12-22T22:09:01.910+0000	writing admin.system.users to dump/admin/system.users.bson
2021-12-22T22:09:01.911+0000	done dumping admin.system.users (1 document)
2021-12-22T22:09:01.911+0000	writing admin.system.version to dump/admin/system.version.bson
2021-12-22T22:09:01.912+0000	done dumping admin.system.version (2 documents)
2021-12-22T22:09:01.913+0000	writing test.im part of the test!!! to dump/test/im+part+of+the+test%21%21%21.bson
2021-12-22T22:09:01.914+0000	writing config.tenantMigrationDonors to dump/config/tenantMigrationDonors.bson
2021-12-22T22:09:01.914+0000	writing config.external_validation_keys to dump/config/external_validation_keys.bson
2021-12-22T22:09:01.914+0000	done dumping test.im part of the test!!! (1 document)
2021-12-22T22:09:01.914+0000	writing config.tenantMigrationRecipients to dump/config/tenantMigrationRecipients.bson
2021-12-22T22:09:01.914+0000	done dumping config.tenantMigrationDonors (0 documents)
2021-12-22T22:09:01.915+0000	done dumping config.external_validation_keys (0 documents)
2021-12-22T22:09:01.915+0000	done dumping config.tenantMigrationRecipients (0 documents)
dumpfile created
exiting container
tar: Removing leading `/' from member names
FILE FOUND: 
Installing packages
Package install complete, executing code!
cheking if destination folder is clear
destination folder not clear, deleting files
target_folder:  /mnt/k8s_storage/kubedata/
destination_folder:  /home/nils/backup-k8s/
file mc-servers-zumdrustaedsdwmnlyk-60a9406819d38d6813a61d3b-pvc-96208813-9478-459e-b695-6f04ea6ecbc2 copied
file mc-servers-mwgwzndwclbcpvdvhqt-60a9406819d38d6813a61d3b-pvc-94d371b4-11b7-47cd-be5c-f4ecb18c053b copied
file mc-servers-testpvc-pvc-972ebda6-83d7-4d4b-a5e4-6597a7d8bc2d copied
uploading file to container
file uploaded
script executed
dump file copied to destination folder
starting zip process
writing server-files
writing mongofiles
writing complete, exiting zip
sending data to node:  192.168.3.38
data sent!
sending data to node:  192.168.3.222
data sent!
sending data to node:  192.168.3.229
data sent!
sending data to node:  192.168.3.37
data sent!
from node: 192.168.3.38 are these files:
['k8s-backupdata-2021-12-22_21_42_49_.zip', 'k8s-backupdata-2021-12-22_22_01_22_.zip', 'k8s-backupdata-2021-12-22_22_19_02.zip', 'k8s-backupdata-2021-12-22_22_19_57.zip', 'k8s-backupdata-2021-12-22_22_23_26.zip', 'k8s-backupdata-2021-12-22_22_27_26.zip', 'k8s-backupdata-2021-12-22_22_27_50.zip', 'k8s-backupdata-2021-12-22_22_28_28.zip', 'k8s-backupdata-2021-12-22_22_31_04.zip', 'k8s-backupdata-2021-12-22_22_31_29.zip', 'k8s-backupdata-2021-12-22_22_32_03.zip', 'k8s-backupdata-2021-12-22_22_33_01.zip', 'k8s-backupdata-2021-12-22_22_45_35.zip', 'k8s-backupdata-2021-12-22_22_52_46.zip', 'k8s-backupdata-2021-12-22_22_56_51.zip', 'k8s-backupdata-2021-12-22_23_07_09.zip', '']
from node: 192.168.3.222 are these files:
['k8s-backupdata-2021-12-22_21_34_56_.zip', 'k8s-backupdata-2021-12-22_21_40_58_.zip', 'k8s-backupdata-2021-12-22_21_42_49_.zip', 'k8s-backupdata-2021-12-22_22_01_22_.zip', 'k8s-backupdata-2021-12-22_22_19_02.zip', 'k8s-backupdata-2021-12-22_22_19_57.zip', 'k8s-backupdata-2021-12-22_22_23_26.zip', 'k8s-backupdata-2021-12-22_22_27_26.zip', 'k8s-backupdata-2021-12-22_22_27_50.zip', 'k8s-backupdata-2021-12-22_22_28_28.zip', 'k8s-backupdata-2021-12-22_22_31_04.zip', 'k8s-backupdata-2021-12-22_22_31_29.zip', 'k8s-backupdata-2021-12-22_22_32_03.zip', 'k8s-backupdata-2021-12-22_22_33_01.zip', 'k8s-backupdata-2021-12-22_22_45_35.zip', 'k8s-backupdata-2021-12-22_22_52_46.zip', 'k8s-backupdata-2021-12-22_22_56_51.zip', 'k8s-backupdata-2021-12-22_23_07_09.zip', '']
from node: 192.168.3.229 are these files:
['k8s-backupdata-2021-12-22_21_40_58_.zip', 'k8s-backupdata-2021-12-22_21_42_49_.zip', 'k8s-backupdata-2021-12-22_22_01_22_.zip', 'k8s-backupdata-2021-12-22_22_19_02.zip', 'k8s-backupdata-2021-12-22_22_19_57.zip', 'k8s-backupdata-2021-12-22_22_23_26.zip', 'k8s-backupdata-2021-12-22_22_27_26.zip', 'k8s-backupdata-2021-12-22_22_27_50.zip', 'k8s-backupdata-2021-12-22_22_28_28.zip', 'k8s-backupdata-2021-12-22_22_31_04.zip', 'k8s-backupdata-2021-12-22_22_31_29.zip', 'k8s-backupdata-2021-12-22_22_32_03.zip', 'k8s-backupdata-2021-12-22_22_33_01.zip', 'k8s-backupdata-2021-12-22_22_45_35.zip', 'k8s-backupdata-2021-12-22_22_52_46.zip', 'k8s-backupdata-2021-12-22_22_56_51.zip', 'k8s-backupdata-2021-12-22_23_07_09.zip', '']
from node: 192.168.3.37 are these files:
['k8s-backupdata-2021-12-22_21_42_49_.zip', 'k8s-backupdata-2021-12-22_22_01_22_.zip', 'k8s-backupdata-2021-12-22_22_19_02.zip', 'k8s-backupdata-2021-12-22_22_23_26.zip', 'k8s-backupdata-2021-12-22_22_27_26.zip', 'k8s-backupdata-2021-12-22_22_27_50.zip', 'k8s-backupdata-2021-12-22_22_28_28.zip', 'k8s-backupdata-2021-12-22_22_31_04.zip', 'k8s-backupdata-2021-12-22_22_31_29.zip', 'k8s-backupdata-2021-12-22_22_32_03.zip', 'k8s-backupdata-2021-12-22_22_33_01.zip', 'k8s-backupdata-2021-12-22_22_45_35.zip', 'k8s-backupdata-2021-12-22_22_52_46.zip', 'k8s-backupdata-2021-12-22_22_56_51.zip', 'k8s-backupdata-2021-12-22_23_07_09.zip', '']
DATA:  ['192.168.3.38: success', '192.168.3.222: success', '192.168.3.229: success', '192.168.3.37: success']
preparing to send data to phone
MESSAGE:  192.168.3.38: success 192.168.3.222: success 192.168.3.229: success 192.168.3.37: success
{'id': '01FQJ2ZWJMQJSH057AVPE119A4', 'to': ['46700456563'], 'from': '447520652019', 'canceled': False, 'body': "['192.168.3.38: success', '192.168.3.222: success', '192.168.3.229: success', '192.168.3.37: success']", 'type': 'mt_text', 'created_at': '2021-12-22T22:08:07.252Z', 'modified_at': '2021-12-22T22:08:07.252Z', 'delivery_report': 'none', 'expire_at': '2021-12-25T22:08:07.252Z', 'flash_message': False}
data sent to phone
cheking if destination folder is clear
destination folder not clear, deleting files
target_folder:  /mnt/k8s_storage/kubedata/
destination_folder:  /home/nils/backup-k8s/
file mc-servers-zumdrustaedsdwmnlyk-60a9406819d38d6813a61d3b-pvc-96208813-9478-459e-b695-6f04ea6ecbc2 copied
file mc-servers-mwgwzndwclbcpvdvhqt-60a9406819d38d6813a61d3b-pvc-94d371b4-11b7-47cd-be5c-f4ecb18c053b copied
file mc-servers-testpvc-pvc-972ebda6-83d7-4d4b-a5e4-6597a7d8bc2d copied
uploading file to container
file uploaded
script executed
dump file copied to destination folder
starting zip process
writing server-files
writing mongofiles
writing complete, exiting zip
sending data to node:  192.168.3.38
data sent!
sending data to node:  192.168.3.222
data sent!
sending data to node:  192.168.3.229
data sent!
sending data to node:  192.168.3.37
data sent!
from node: 192.168.3.38 are these files:
['k8s-backupdata-2021-12-22_21_42_49_.zip', 'k8s-backupdata-2021-12-22_22_01_22_.zip', 'k8s-backupdata-2021-12-22_22_19_02.zip', 'k8s-backupdata-2021-12-22_22_19_57.zip', 'k8s-backupdata-2021-12-22_22_23_26.zip', 'k8s-backupdata-2021-12-22_22_27_26.zip', 'k8s-backupdata-2021-12-22_22_27_50.zip', 'k8s-backupdata-2021-12-22_22_28_28.zip', 'k8s-backupdata-2021-12-22_22_31_04.zip', 'k8s-backupdata-2021-12-22_22_31_29.zip', 'k8s-backupdata-2021-12-22_22_32_03.zip', 'k8s-backupdata-2021-12-22_22_33_01.zip', 'k8s-backupdata-2021-12-22_22_45_35.zip', 'k8s-backupdata-2021-12-22_22_52_46.zip', 'k8s-backupdata-2021-12-22_22_56_51.zip', 'k8s-backupdata-2021-12-22_23_07_09.zip', '']
from node: 192.168.3.222 are these files:
['k8s-backupdata-2021-12-22_21_34_56_.zip', 'k8s-backupdata-2021-12-22_21_40_58_.zip', 'k8s-backupdata-2021-12-22_21_42_49_.zip', 'k8s-backupdata-2021-12-22_22_01_22_.zip', 'k8s-backupdata-2021-12-22_22_19_02.zip', 'k8s-backupdata-2021-12-22_22_19_57.zip', 'k8s-backupdata-2021-12-22_22_23_26.zip', 'k8s-backupdata-2021-12-22_22_27_26.zip', 'k8s-backupdata-2021-12-22_22_27_50.zip', 'k8s-backupdata-2021-12-22_22_28_28.zip', 'k8s-backupdata-2021-12-22_22_31_04.zip', 'k8s-backupdata-2021-12-22_22_31_29.zip', 'k8s-backupdata-2021-12-22_22_32_03.zip', 'k8s-backupdata-2021-12-22_22_33_01.zip', 'k8s-backupdata-2021-12-22_22_45_35.zip', 'k8s-backupdata-2021-12-22_22_52_46.zip', 'k8s-backupdata-2021-12-22_22_56_51.zip', 'k8s-backupdata-2021-12-22_23_07_09.zip', '']
from node: 192.168.3.229 are these files:
['k8s-backupdata-2021-12-22_21_40_58_.zip', 'k8s-backupdata-2021-12-22_21_42_49_.zip', 'k8s-backupdata-2021-12-22_22_01_22_.zip', 'k8s-backupdata-2021-12-22_22_19_02.zip', 'k8s-backupdata-2021-12-22_22_19_57.zip', 'k8s-backupdata-2021-12-22_22_23_26.zip', 'k8s-backupdata-2021-12-22_22_27_26.zip', 'k8s-backupdata-2021-12-22_22_27_50.zip', 'k8s-backupdata-2021-12-22_22_28_28.zip', 'k8s-backupdata-2021-12-22_22_31_04.zip', 'k8s-backupdata-2021-12-22_22_31_29.zip', 'k8s-backupdata-2021-12-22_22_32_03.zip', 'k8s-backupdata-2021-12-22_22_33_01.zip', 'k8s-backupdata-2021-12-22_22_45_35.zip', 'k8s-backupdata-2021-12-22_22_52_46.zip', 'k8s-backupdata-2021-12-22_22_56_51.zip', 'k8s-backupdata-2021-12-22_23_07_09.zip', '']
from node: 192.168.3.37 are these files:
Requirement already satisfied: schedule==1.1.0 in /home/nils/.local/lib/python3.8/site-packages (from -r requirements.txt (line 1)) (1.1.0)
Requirement already satisfied: apturl==0.5.2 in /usr/lib/python3/dist-packages (from -r requirements.txt (line 1)) (0.5.2)
Requirement already satisfied: beautifulsoup4==4.9.3 in /home/nils/.local/lib/python3.8/site-packages (from -r requirements.txt (line 2)) (4.9.3)
Requirement already satisfied: blinker==1.4 in /usr/lib/python3/dist-packages (from -r requirements.txt (line 3)) (1.4)
Requirement already satisfied: Brlapi==0.7.0 in /usr/lib/python3/dist-packages (from -r requirements.txt (line 4)) (0.7.0)
Requirement already satisfied: certifi==2019.11.28 in /usr/lib/python3/dist-packages (from -r requirements.txt (line 5)) (2019.11.28)
Requirement already satisfied: chardet==3.0.4 in /usr/lib/python3/dist-packages (from -r requirements.txt (line 6)) (3.0.4)
Requirement already satisfied: Click==7.0 in /usr/lib/python3/dist-packages (from -r requirements.txt (line 7)) (7.0)
Requirement already satisfied: clx-sdk-xms==1.0.0 in /home/nils/.local/lib/python3.8/site-packages (from -r requirements.txt (line 8)) (1.0.0)
Requirement already satisfied: colorama==0.4.3 in /usr/lib/python3/dist-packages (from -r requirements.txt (line 9)) (0.4.3)
Requirement already satisfied: command-not-found==0.3 in /usr/lib/python3/dist-packages (from -r requirements.txt (line 10)) (0.3)
Requirement already satisfied: cryptography==2.8 in /usr/lib/python3/dist-packages (from -r requirements.txt (line 11)) (2.8)
Requirement already satisfied: cupshelpers==1.0 in /usr/lib/python3/dist-packages (from -r requirements.txt (line 12)) (1.0)
Requirement already satisfied: DateTime==4.3 in /home/nils/.local/lib/python3.8/site-packages (from -r requirements.txt (line 13)) (4.3)
Requirement already satisfied: dbus-python==1.2.16 in /usr/lib/python3/dist-packages (from -r requirements.txt (line 14)) (1.2.16)
Requirement already satisfied: defer==1.0.6 in /usr/lib/python3/dist-packages (from -r requirements.txt (line 15)) (1.0.6)
Requirement already satisfied: distro==1.4.0 in /usr/lib/python3/dist-packages (from -r requirements.txt (line 16)) (1.4.0)
Requirement already satisfied: distro-info===0.23ubuntu1 in /usr/lib/python3/dist-packages (from -r requirements.txt (line 17)) (0.23ubuntu1)
Requirement already satisfied: entrypoints==0.3 in /usr/lib/python3/dist-packages (from -r requirements.txt (line 18)) (0.3)
Requirement already satisfied: httplib2==0.14.0 in /usr/lib/python3/dist-packages (from -r requirements.txt (line 19)) (0.14.0)
Requirement already satisfied: idna==2.8 in /usr/lib/python3/dist-packages (from -r requirements.txt (line 20)) (2.8)
Requirement already satisfied: isc==2.0 in /usr/lib/python3/dist-packages (from -r requirements.txt (line 21)) (2.0)
Requirement already satisfied: iso8601==1.0.2 in /home/nils/.local/lib/python3.8/site-packages (from -r requirements.txt (line 22)) (1.0.2)
Requirement already satisfied: keyring==18.0.1 in /usr/lib/python3/dist-packages (from -r requirements.txt (line 23)) (18.0.1)
Requirement already satisfied: language-selector==0.1 in /usr/lib/python3/dist-packages (from -r requirements.txt (line 24)) (0.1)
Requirement already satisfied: launchpadlib==1.10.13 in /usr/lib/python3/dist-packages (from -r requirements.txt (line 25)) (1.10.13)
Requirement already satisfied: lazr.restfulclient==0.14.2 in /usr/lib/python3/dist-packages (from -r requirements.txt (line 26)) (0.14.2)
Requirement already satisfied: lazr.uri==1.0.3 in /usr/lib/python3/dist-packages (from -r requirements.txt (line 27)) (1.0.3)
Requirement already satisfied: louis==3.12.0 in /usr/lib/python3/dist-packages (from -r requirements.txt (line 28)) (3.12.0)
Requirement already satisfied: lxml==4.6.3 in /home/nils/.local/lib/python3.8/site-packages (from -r requirements.txt (line 29)) (4.6.3)
Requirement already satisfied: macaroonbakery==1.3.1 in /usr/lib/python3/dist-packages (from -r requirements.txt (line 30)) (1.3.1)
Requirement already satisfied: netifaces==0.10.4 in /usr/lib/python3/dist-packages (from -r requirements.txt (line 31)) (0.10.4)
Requirement already satisfied: oauthlib==3.1.0 in /usr/lib/python3/dist-packages (from -r requirements.txt (line 32)) (3.1.0)
Requirement already satisfied: olefile==0.46 in /usr/lib/python3/dist-packages (from -r requirements.txt (line 33)) (0.46)
Requirement already satisfied: pexpect==4.6.0 in /usr/lib/python3/dist-packages (from -r requirements.txt (line 34)) (4.6.0)
Requirement already satisfied: Pillow==7.0.0 in /usr/lib/python3/dist-packages (from -r requirements.txt (line 35)) (7.0.0)
Requirement already satisfied: ply==3.11 in /usr/lib/python3/dist-packages (from -r requirements.txt (line 36)) (3.11)
Requirement already satisfied: protobuf==3.6.1 in /usr/lib/python3/dist-packages (from -r requirements.txt (line 37)) (3.6.1)
Requirement already satisfied: psutil==5.5.1 in /usr/lib/python3/dist-packages (from -r requirements.txt (line 38)) (5.5.1)
Requirement already satisfied: pycairo==1.16.2 in /usr/lib/python3/dist-packages (from -r requirements.txt (line 39)) (1.16.2)
Requirement already satisfied: pycups==1.9.73 in /usr/lib/python3/dist-packages (from -r requirements.txt (line 40)) (1.9.73)
Requirement already satisfied: PyGObject==3.36.0 in /usr/lib/python3/dist-packages (from -r requirements.txt (line 41)) (3.36.0)
Requirement already satisfied: PyJWT==1.7.1 in /usr/lib/python3/dist-packages (from -r requirements.txt (line 42)) (1.7.1)
Requirement already satisfied: pymacaroons==0.13.0 in /usr/lib/python3/dist-packages (from -r requirements.txt (line 43)) (0.13.0)
Requirement already satisfied: PyNaCl==1.3.0 in /usr/lib/python3/dist-packages (from -r requirements.txt (line 44)) (1.3.0)
Requirement already satisfied: pyRFC3339==1.1 in /usr/lib/python3/dist-packages (from -r requirements.txt (line 45)) (1.1)
Requirement already satisfied: python-apt==2.0.0+ubuntu0.20.4.5 in /usr/lib/python3/dist-packages (from -r requirements.txt (line 46)) (2.0.0+ubuntu0.20.4.5)
Requirement already satisfied: python-dateutil==2.7.3 in /usr/lib/python3/dist-packages (from -r requirements.txt (line 47)) (2.7.3)
Requirement already satisfied: python-debian===0.1.36ubuntu1 in /usr/lib/python3/dist-packages (from -r requirements.txt (line 48)) (0.1.36ubuntu1)
Requirement already satisfied: pytz==2019.3 in /usr/lib/python3/dist-packages (from -r requirements.txt (line 49)) (2019.3)
Requirement already satisfied: pyxdg==0.26 in /usr/lib/python3/dist-packages (from -r requirements.txt (line 50)) (0.26)
Requirement already satisfied: PyYAML==5.3.1 in /usr/lib/python3/dist-packages (from -r requirements.txt (line 51)) (5.3.1)
Requirement already satisfied: reportlab==3.5.34 in /usr/lib/python3/dist-packages (from -r requirements.txt (line 52)) (3.5.34)
Requirement already satisfied: requests==2.22.0 in /usr/lib/python3/dist-packages (from -r requirements.txt (line 53)) (2.22.0)
Requirement already satisfied: requests-unixsocket==0.2.0 in /usr/lib/python3/dist-packages (from -r requirements.txt (line 54)) (0.2.0)
Requirement already satisfied: schedule==1.1.0 in /home/nils/.local/lib/python3.8/site-packages (from -r requirements.txt (line 55)) (1.1.0)
Requirement already satisfied: SecretStorage==2.3.1 in /usr/lib/python3/dist-packages (from -r requirements.txt (line 56)) (2.3.1)
Requirement already satisfied: selenium==3.141.0 in /home/nils/.local/lib/python3.8/site-packages (from -r requirements.txt (line 57)) (3.141.0)
Requirement already satisfied: simplejson==3.16.0 in /usr/lib/python3/dist-packages (from -r requirements.txt (line 58)) (3.16.0)
Requirement already satisfied: six==1.14.0 in /usr/lib/python3/dist-packages (from -r requirements.txt (line 59)) (1.14.0)
Requirement already satisfied: soupsieve==2.2.1 in /home/nils/.local/lib/python3.8/site-packages (from -r requirements.txt (line 60)) (2.2.1)
Requirement already satisfied: ssh-import-id==5.10 in /usr/lib/python3/dist-packages (from -r requirements.txt (line 61)) (5.10)
Requirement already satisfied: systemd-python==234 in /usr/lib/python3/dist-packages (from -r requirements.txt (line 62)) (234)
Requirement already satisfied: ubuntu-advantage-tools==27.0 in /usr/lib/python3/dist-packages (from -r requirements.txt (line 63)) (27.0)
Requirement already satisfied: ubuntu-drivers-common==0.0.0 in /usr/lib/python3/dist-packages (from -r requirements.txt (line 64)) (0.0.0)
Requirement already satisfied: ufw==0.36 in /usr/lib/python3/dist-packages (from -r requirements.txt (line 65)) (0.36)
Requirement already satisfied: unattended-upgrades==0.1 in /usr/lib/python3/dist-packages (from -r requirements.txt (line 66)) (0.1)
Requirement already satisfied: urllib3==1.25.8 in /usr/lib/python3/dist-packages (from -r requirements.txt (line 67)) (1.25.8)
Requirement already satisfied: wadllib==1.3.3 in /usr/lib/python3/dist-packages (from -r requirements.txt (line 68)) (1.3.3)
Requirement already satisfied: xkit==0.0.0 in /usr/lib/python3/dist-packages (from -r requirements.txt (line 69)) (0.0.0)
Requirement already satisfied: zope.interface==5.4.0 in /home/nils/.local/lib/python3.8/site-packages (from -r requirements.txt (line 70)) (5.4.0)
Requirement already satisfied: setuptools in /usr/lib/python3/dist-packages (from launchpadlib==1.10.13->-r requirements.txt (line 25)) (45.2.0)
Requirement already satisfied: testresources in /home/nils/.local/lib/python3.8/site-packages (from launchpadlib==1.10.13->-r requirements.txt (line 25)) (2.0.1)
Requirement already satisfied: pbr>=1.8 in /home/nils/.local/lib/python3.8/site-packages (from testresources->launchpadlib==1.10.13->-r requirements.txt (line 25)) (5.8.0)
